<?xml version="1.0" encoding="UTF-8"?>
<!-- Generated by org.testng.reporters.JUnitXMLReporter -->
<testsuite hostname="ZIVLPT243" ignored="2" name="testfirefox" tests="1" failures="0" timestamp="09 May 2020 09:45:28 GMT" time="0.094" errors="0">
  <testcase name="@BeforeMethod setUp" time="0.0" classname="com.java.multithreadApproach.BaseThread">
    <failure type="org.testng.TestNGException" message="
Parameter &amp;apos;browser&amp;apos; is required by BeforeMethod on method setUp but has not been marked @Optional or defined
in D:\JAVAWORKSPACE\SeleniumPractice\ParallelNG.xml">
      <![CDATA[org.testng.TestNGException: 
Parameter 'browser' is required by BeforeMethod on method setUp but has not been marked @Optional or defined
in D:\JAVAWORKSPACE\SeleniumPractice\ParallelNG.xml
at java.util.concurrent.FutureTask.run(FutureTask.java:266)
at java.util.concurrent.ThreadPoolExecutor.runWorker(ThreadPoolExecutor.java:1149)
at java.util.concurrent.ThreadPoolExecutor$Worker.run(ThreadPoolExecutor.java:624)
at java.lang.Thread.run(Thread.java:748)
... Removed 16 stack frames]]>
    </failure>
  </testcase> <!-- @BeforeMethod setUp -->
  <testcase name="@AfterMethod tearDown" time="0.0" classname="com.java.multithreadApproach.BaseThread">
    <skipped/>
  </testcase> <!-- @AfterMethod tearDown -->
  <testcase name="@BeforeMethod setUp" time="0.0" classname="com.java.multithreadApproach.BaseThread">
    <failure type="org.testng.TestNGException" message="
Parameter &amp;apos;browser&amp;apos; is required by BeforeMethod on method setUp but has not been marked @Optional or defined
in D:\JAVAWORKSPACE\SeleniumPractice\ParallelNG.xml">
      <![CDATA[org.testng.TestNGException: 
Parameter 'browser' is required by BeforeMethod on method setUp but has not been marked @Optional or defined
in D:\JAVAWORKSPACE\SeleniumPractice\ParallelNG.xml
at java.util.concurrent.FutureTask.run(FutureTask.java:266)
at java.util.concurrent.ThreadPoolExecutor.runWorker(ThreadPoolExecutor.java:1149)
at java.util.concurrent.ThreadPoolExecutor$Worker.run(ThreadPoolExecutor.java:624)
at java.lang.Thread.run(Thread.java:748)
... Removed 16 stack frames]]>
    </failure>
  </testcase> <!-- @BeforeMethod setUp -->
  <testcase name="@AfterMethod tearDown" time="0.0" classname="com.java.multithreadApproach.BaseThread">
    <skipped/>
  </testcase> <!-- @AfterMethod tearDown -->
  <testcase name="javaTest" time="0.0" classname="com.java.multithreadApproach.TestPage4">
    <skipped/>
  </testcase> <!-- javaTest -->
  <testcase name="sqlTest" time="0.0" classname="com.java.multithreadApproach.TestPage4">
    <ignored/>
  </testcase> <!-- sqlTest -->
  <testcase name="seleniumTest" time="0.0" classname="com.java.multithreadApproach.TestPage4">
    <ignored/>
  </testcase> <!-- seleniumTest -->
</testsuite> <!-- testfirefox -->
